<?xml version="1.0" encoding="UTF-8"?>
<testsuite name="functions.CreateCustomerTest" tests="1" skipped="0" failures="0" errors="0" timestamp="2023-12-13T13:08:12" hostname="MacBook-Pro-Daniil.local" time="0.002">
  <properties/>
  <testcase name="successfulResponse" classname="functions.CreateCustomerTest" time="0.002"/>
  <system-out><![CDATA[]]></system-out>
  <system-err><![CDATA[]]></system-err>
</testsuite>
